2024-08-04 01:09:40 Loading main app package /tmp/.mount_ObsidizuFuTE/resources/obsidian.asar
2024-08-04 01:09:48 Checking for update using Github
2024-08-04 01:09:50 Success.
2024-08-04 01:09:50 Latest version is 1.6.7
2024-08-04 01:09:50 App is up to date.
2024-08-04 01:28:59 Loading main app package /tmp/.mount_ObsidipYnl9t/resources/obsidian.asar
2024-08-04 01:29:04 Checking for update using Github
2024-08-04 01:29:06 Success.
2024-08-04 01:29:06 Latest version is 1.6.7
2024-08-04 01:29:06 App is up to date.
2024-08-04 02:28:59 Checking for update using Github
2024-08-04 02:29:00 Success.
2024-08-04 02:29:00 Latest version is 1.6.7
2024-08-04 02:29:00 App is up to date.
2024-08-04 05:37:45 Loading main app package /tmp/.mount_ObsidioCMzcs/resources/obsidian.asar
2024-08-04 05:37:51 Checking for update using Github
2024-08-04 05:37:55 Success.
2024-08-04 05:37:55 Latest version is 1.6.7
2024-08-04 05:37:55 App is up to date.
2024-08-04 05:56:25 Loading main app package /tmp/.mount_ObsidimncczI/resources/obsidian.asar
2024-08-04 05:56:27 Checking for update using Github
2024-08-04 05:56:27 Success.
2024-08-04 05:56:27 Latest version is 1.6.7
2024-08-04 05:56:27 App is up to date.
2024-08-04 09:00:53 Loading main app package /tmp/.mount_Obsidi8S2lzG/resources/obsidian.asar
2024-08-04 09:00:53 Loading main app package /tmp/.mount_Obsidimy1Smt/resources/obsidian.asar
2024-08-04 09:01:07 Checking for update using Github
2024-08-04 09:01:09 Checking for update using Github
2024-08-04 09:01:10 Success.
2024-08-04 09:01:10 Latest version is 1.6.7
2024-08-04 09:01:10 App is up to date.
2024-08-04 09:20:12 Loading main app package /tmp/.mount_ObsidiQNoGTk/resources/obsidian.asar
2024-08-04 09:20:13 Checking for update using Github
2024-08-04 09:20:14 Success.
2024-08-04 09:20:14 Latest version is 1.6.7
2024-08-04 09:20:14 App is up to date.
2024-08-04 13:23:33 Loading main app package /tmp/.mount_ObsidiCU95dY/resources/obsidian.asar
2024-08-04 13:23:40 Checking for update using Github
2024-08-04 13:23:46 Success.
2024-08-04 13:23:46 Latest version is 1.6.7
2024-08-04 13:23:46 App is up to date.
2024-08-04 15:01:18 Loading main app package /tmp/.mount_ObsidiikSwuq/resources/obsidian.asar
2024-08-04 15:01:25 Checking for update using Github
2024-08-04 15:01:28 Success.
2024-08-04 15:01:28 Latest version is 1.6.7
2024-08-04 15:01:28 App is up to date.
2024-08-04 22:49:24 Loading main app package /tmp/.mount_ObsidimL9k7O/resources/obsidian.asar
2024-08-04 22:49:31 Checking for update using Github
2024-08-04 22:49:34 Success.
2024-08-04 22:49:34 Latest version is 1.6.7
2024-08-04 22:49:34 App is up to date.
2024-08-04 23:49:24 Checking for update using Github
2024-08-04 23:49:25 Success.
2024-08-04 23:49:25 Latest version is 1.6.7
2024-08-04 23:49:25 App is up to date.
2024-08-05 00:44:14 Loading main app package /tmp/.mount_ObsidiJPGCW8/resources/obsidian.asar
2024-08-05 00:44:18 Checking for update using Github
2024-08-05 00:44:19 Success.
2024-08-05 00:44:19 Latest version is 1.6.7
2024-08-05 00:44:19 App is up to date.
2024-08-05 01:44:15 Checking for update using Github
2024-08-05 01:44:15 Success.
2024-08-05 01:44:15 Latest version is 1.6.7
2024-08-05 01:44:15 App is up to date.
2024-08-05 08:00:06 Loading main app package /tmp/.mount_ObsidiPO8Cvo/resources/obsidian.asar
2024-08-05 08:00:13 Checking for update using Github
2024-08-05 08:00:14 Success.
2024-08-05 08:00:14 Latest version is 1.6.7
2024-08-05 08:00:14 App is up to date.
2024-08-05 09:00:07 Checking for update using Github
2024-08-05 09:00:07 Success.
2024-08-05 09:00:07 Latest version is 1.6.7
2024-08-05 09:00:07 App is up to date.
2024-08-05 10:00:07 Checking for update using Github
2024-08-05 10:00:07 Success.
2024-08-05 10:00:07 Latest version is 1.6.7
2024-08-05 10:00:07 App is up to date.
2024-08-05 11:00:07 Checking for update using Github
2024-08-05 11:00:07 Success.
2024-08-05 11:00:07 Latest version is 1.6.7
2024-08-05 11:00:07 App is up to date.
2024-08-05 12:22:11 Loading main app package /tmp/.mount_Obsidixc5iJP/resources/obsidian.asar
2024-08-05 12:22:15 Checking for update using Github
2024-08-05 12:22:17 Success.
2024-08-05 12:22:17 Latest version is 1.6.7
2024-08-05 12:22:17 App is up to date.
2024-08-06 00:04:09 Loading main app package /tmp/.mount_ObsidiyvttOi/resources/obsidian.asar
2024-08-06 00:04:15 Checking for update using Github
2024-08-06 00:04:19 Success.
2024-08-06 00:04:19 Latest version is 1.6.7
2024-08-06 00:04:19 App is up to date.
2024-08-06 01:43:33 Checking for update using Github
2024-08-06 01:43:33 Success.
2024-08-06 01:43:33 Latest version is 1.6.7
2024-08-06 01:43:33 App is up to date.
2024-08-06 07:52:02 Loading main app package /tmp/.mount_Obsidi97Rg7K/resources/obsidian.asar
2024-08-06 07:52:09 Checking for update using Github
2024-08-06 07:52:10 Success.
2024-08-06 07:52:10 Latest version is 1.6.7
2024-08-06 07:52:10 App is up to date.
2024-08-06 13:38:59 Loading main app package /tmp/.mount_ObsidiFZKupU/resources/obsidian.asar
2024-08-06 13:39:03 Checking for update using Github
2024-08-06 13:39:04 Success.
2024-08-06 13:39:04 Latest version is 1.6.7
2024-08-06 13:39:04 App is up to date.
2024-08-06 23:51:21 Loading main app package /tmp/.mount_ObsidiV7vgjB/resources/obsidian.asar
2024-08-06 23:51:32 Checking for update using Github
2024-08-06 23:51:33 Success.
2024-08-06 23:51:33 Latest version is 1.6.7
2024-08-06 23:51:33 App is up to date.
2024-08-07 00:59:30 Loading main app package /tmp/.mount_Obsidire5jEg/resources/obsidian.asar
2024-08-07 00:59:36 Checking for update using Github
2024-08-07 00:59:39 Success.
2024-08-07 00:59:39 Latest version is 1.6.7
2024-08-07 00:59:39 App is up to date.
2024-08-07 01:59:30 Checking for update using Github
2024-08-07 01:59:30 Success.
2024-08-07 01:59:30 Latest version is 1.6.7
2024-08-07 01:59:30 App is up to date.
2024-08-07 08:22:18 Loading main app package /tmp/.mount_ObsidiQtb9o6/resources/obsidian.asar
2024-08-07 08:22:21 Checking for update using Github
2024-08-07 08:22:23 Success.
2024-08-07 08:22:23 Latest version is 1.6.7
2024-08-07 08:22:23 App is up to date.
2024-08-07 09:01:24 Loading main app package /tmp/.mount_Obsidi92wasg/resources/obsidian.asar
2024-08-07 09:01:27 Checking for update using Github
2024-08-07 09:01:28 Loading main app package /tmp/.mount_ObsidiDP2wA1/resources/obsidian.asar
2024-08-07 09:01:30 Checking for update using Github
2024-08-07 09:20:33 Loading main app package /tmp/.mount_Obsidixd0dp7/resources/obsidian.asar
2024-08-07 09:20:35 Checking for update using Github
2024-08-07 09:20:35 Success.
2024-08-07 09:20:35 Latest version is 1.6.7
2024-08-07 09:20:35 App is up to date.
2024-08-08 01:58:11 Loading main app package /tmp/.mount_Obsidi4YoLPt/resources/obsidian.asar
2024-08-08 01:58:16 Checking for update using Github
2024-08-08 01:58:17 Success.
2024-08-08 01:58:17 Latest version is 1.6.7
2024-08-08 01:58:17 App is up to date.
